<?xml version="1.0" encoding="UTF-8" ?>
<testsuite errors="0" failures="0" hostname="MacBookPro-SLott-9.local" name="org.hrva.capture.CaptureTest" tests="2" time="8.732" timestamp="2012-03-07T14:34:29">
  <properties>
    <property name="netbeans.autoupdate.country" value="US" />
    <property name="javac.test.classpath" value="../couchdb4j/target/couchdb4j-0.3.0-i386-1.jar:../args4j-2.0.16.jar:../couchdb4j/lib/commons-beanutils.jar:../couchdb4j/lib/commons-codec-1.3.jar:../couchdb4j/lib/commons-collections.jar:../couchdb4j/lib/commons-lang.jar:../couchdb4j/lib/commons-logging-1.1.jar:../couchdb4j/lib/ezmorph-1.0.3.jar:../couchdb4j/lib/httpclient-4.0-beta2.jar:../couchdb4j/lib/httpcore-4.0-beta2.jar:../couchdb4j/lib/json-lib-2.2.3-MODIFIED-jdk15.jar:build/classes:/Applications/NetBeans/NetBeans 7.1.1.app/Contents/Resources/NetBeans/java/modules/ext/junit-3.8.2.jar" />
    <property name="libs.junit.javadoc" value="/Applications/NetBeans/NetBeans 7.1.1.app/Contents/Resources/NetBeans/java/docs/junit-3.8.2-api.zip" />
    <property name="ant.core.lib" value="/Applications/NetBeans/NetBeans 7.1.1.app/Contents/Resources/NetBeans/java/ant/lib/ant.jar" />
    <property name="javadoc.windowtitle" value="HRT Log Capture" />
    <property name="libs.toplink.classpath" value="/Applications/NetBeans/NetBeans 7.1.1.app/Contents/Resources/NetBeans/java/modules/ext/toplink/toplink-essentials.jar:/Applications/NetBeans/NetBeans 7.1.1.app/Contents/Resources/NetBeans/java/modules/ext/toplink/toplink-essentials-agent.jar" />
    <property name="user.dir" value="/Users/slott/Documents/Projects/HRT-Log-Capture" />
    <property name="com.apple.mrj.application.apple.menu.about.name" value="NetBeans" />
    <property name="libs.hibernate-persistence.javadoc" value="" />
    <property name="java.vm.version" value="20.4-b02-402" />
    <property name="libs.MySQLDriver.classpath" value="/Applications/NetBeans/NetBeans 7.1.1.app/Contents/Resources/NetBeans/ide/modules/ext/mysql-connector-java-5.1.13-bin.jar" />
    <property name="file.reference.commons-codec-1.3.jar" value="../couchdb4j/lib/commons-codec-1.3.jar" />
    <property name="libs.eclipselinkmodelgen.src" value="" />
    <property name="javadoc.notree" value="false" />
    <property name="netbeans.autoupdate.version" value="1.23" />
    <property name="libs.hibernate-support.maven-pom" value="" />
    <property name="libs.hibernate-support.javadoc" value="" />
    <property name="jdk.home" value="/System/Library/Java/JavaVirtualMachines/1.6.0.jdk/Contents/Home" />
    <property name="libs.javac-api.src" value="" />
    <property name="javadoc.noindex" value="false" />
    <property name="sun.os.patch.level" value="unknown" />
    <property name="do.archive+manifest.available" value="true" />
    <property name="java.vm.specification.name" value="Java Virtual Machine Specification" />
    <property name="nb.show.statistics.ui" value="usageStatisticsEnabled" />
    <property name="netbeans.autoupdate.variant" value="" />
    <property name="have.tests" value="true" />
    <property name="org.xml.sax.driver" value="com.sun.org.apache.xerces.internal.jaxp.SAXParserImpl$JAXPSAXParser" />
    <property name="libs.javac-api.javadoc" value="" />
    <property name="os.name" value="Mac OS X" />
    <property name="libs.beans-binding.classpath" value="/Applications/NetBeans/NetBeans 7.1.1.app/Contents/Resources/NetBeans/java/modules/ext/beansbinding-1.2.1.jar" />
    <property name="ap.proc.none.internal" value="" />
    <property name="mrj.version" value="1070.1.6.0_29-402" />
    <property name="libs.JWSAntTasks.maven-pom" value="" />
    <property name="jnlp.signing.keystore" value="" />
    <property name="java.vendor.url.bug" value="http://bugreport.apple.com/" />
    <property name="libs.jaxb.maven-pom" value="" />
    <property name="os.arch" value="x86_64" />
    <property name="libs.eclipselink.src" value="" />
    <property name="user.name" value="slott" />
    <property name="copylibs.rebase" value="true" />
    <property name="manifest.available+main.class" value="true" />
    <property name="libs.swing-layout.maven-pom" value="" />
    <property name="sun.java.command" value="org.apache.tools.ant.taskdefs.optional.junit.JUnitTestRunner org.hrva.capture.CaptureTest filtertrace=true haltOnError=false haltOnFailure=false showoutput=true outputtoformatters=true logfailedtests=true logtestlistenerevents=true formatter=org.apache.tools.ant.taskdefs.optional.junit.BriefJUnitResultFormatter formatter=org.apache.tools.ant.taskdefs.optional.junit.XMLJUnitResultFormatter,/Users/slott/Documents/Projects/HRT-Log-Capture/LogCapture/build/test/results/TEST-org.hrva.capture.CaptureTest.xml crashfile=/Users/slott/Documents/Projects/HRT-Log-Capture/LogCapture/build/junitvmwatcher4704797708829446811.properties propsfile=/Users/slott/Documents/Projects/HRT-Log-Capture/LogCapture/build/junit2334178168773454226.properties" />
    <property name="build.classes.dir" value="build/classes" />
    <property name="netbeans.accept_license_class" value="org.netbeans.license.AcceptLicense" />
    <property name="jnlp.descriptor" value="application" />
    <property name="build.sysclasspath" value="ignore" />
    <property name="ap.supported.internal" value="true" />
    <property name="libs.jaxws21.javadoc" value="/Applications/NetBeans/NetBeans 7.1.1.app/Contents/Resources/NetBeans/java/docs/jaxws-api-doc.zip" />
    <property name="includes" value="**" />
    <property name="user.country" value="US" />
    <property name="manifest.file" value="manifest.mf" />
    <property name="javadoc.encoding" value="UTF-8" />
    <property name="javac.classpath" value="../couchdb4j/target/couchdb4j-0.3.0-i386-1.jar:../args4j-2.0.16.jar:../couchdb4j/lib/commons-beanutils.jar:../couchdb4j/lib/commons-codec-1.3.jar:../couchdb4j/lib/commons-collections.jar:../couchdb4j/lib/commons-lang.jar:../couchdb4j/lib/commons-logging-1.1.jar:../couchdb4j/lib/ezmorph-1.0.3.jar:../couchdb4j/lib/httpclient-4.0-beta2.jar:../couchdb4j/lib/httpcore-4.0-beta2.jar:../couchdb4j/lib/json-lib-2.2.3-MODIFIED-jdk15.jar" />
    <property name="debug-transport" value="dt_socket" />
    <property name="netbeans.system_http_non_proxy_hosts" value="" />
    <property name="netbeans.home" value="/Applications/NetBeans/NetBeans 7.1.1.app/Contents/Resources/NetBeans/platform" />
    <property name="build.compiler.emacs" value="true" />
    <property name="libs.ejb3-persistence.src" value="" />
    <property name="java.endorsed.dirs" value="/System/Library/Java/JavaVirtualMachines/1.6.0.jdk/Contents/Home/lib/endorsed" />
    <property name="file.reference.json-lib-2.2.3-MODIFIED-jdk15.jar" value="../couchdb4j/lib/json-lib-2.2.3-MODIFIED-jdk15.jar" />
    <property name="netbeans.dynamic.classpath" value="/Applications/NetBeans/NetBeans 7.1.1.app/Contents/Resources/NetBeans/platform/core/core.jar:/Applications/NetBeans/NetBeans 7.1.1.app/Contents/Resources/NetBeans/platform/core/org-openide-filesystems.jar:/Applications/NetBeans/NetBeans 7.1.1.app/Contents/Resources/NetBeans/platform/core/locale/core_ja.jar:/Applications/NetBeans/NetBeans 7.1.1.app/Contents/Resources/NetBeans/platform/core/locale/core_pt_BR.jar:/Applications/NetBeans/NetBeans 7.1.1.app/Contents/Resources/NetBeans/platform/core/locale/core_ru.jar:/Applications/NetBeans/NetBeans 7.1.1.app/Contents/Resources/NetBeans/platform/core/locale/core_zh_CN.jar:/Applications/NetBeans/NetBeans 7.1.1.app/Contents/Resources/NetBeans/platform/core/locale/org-openide-filesystems_ja.jar:/Applications/NetBeans/NetBeans 7.1.1.app/Contents/Resources/NetBeans/platform/core/locale/org-openide-filesystems_pt_BR.jar:/Applications/NetBeans/NetBeans 7.1.1.app/Contents/Resources/NetBeans/platform/core/locale/org-openide-filesystems_ru.jar:/Applications/NetBeans/NetBeans 7.1.1.app/Contents/Resources/NetBeans/platform/core/locale/org-openide-filesystems_zh_CN.jar:/Applications/NetBeans/NetBeans 7.1.1.app/Contents/Resources/NetBeans/nb/core/org-netbeans-upgrader.jar:/Applications/NetBeans/NetBeans 7.1.1.app/Contents/Resources/NetBeans/nb/core/locale/core_nb.jar:/Applications/NetBeans/NetBeans 7.1.1.app/Contents/Resources/NetBeans/nb/core/locale/core_nb_ja.jar:/Applications/NetBeans/NetBeans 7.1.1.app/Contents/Resources/NetBeans/nb/core/locale/core_nb_pt_BR.jar:/Applications/NetBeans/NetBeans 7.1.1.app/Contents/Resources/NetBeans/nb/core/locale/core_nb_ru.jar:/Applications/NetBeans/NetBeans 7.1.1.app/Contents/Resources/NetBeans/nb/core/locale/core_nb_zh_CN.jar:/Applications/NetBeans/NetBeans 7.1.1.app/Contents/Resources/NetBeans/nb/core/locale/org-netbeans-upgrader_ja.jar:/Applications/NetBeans/NetBeans 7.1.1.app/Contents/Resources/NetBeans/nb/core/locale/org-netbeans-upgrader_pt_BR.jar:/Applications/NetBeans/NetBeans 7.1.1.app/Contents/Resources/NetBeans/nb/core/locale/org-netbeans-upgrader_ru.jar:/Applications/NetBeans/NetBeans 7.1.1.app/Contents/Resources/NetBeans/nb/core/locale/org-netbeans-upgrader_zh_CN.jar" />
    <property name="jnlp.enabled" value="false" />
    <property name="java.vm.specification.version" value="1.0" />
    <property name="ftp.nonProxyHosts" value="local|*.local|169.254/16|*.169.254/16" />
    <property name="netbeans.productversion" value="NetBeans IDE 7.1.1 (Build 201203012225)" />
    <property name="libs.hibernate-persistence.classpath" value="/Applications/NetBeans/NetBeans 7.1.1.app/Contents/Resources/NetBeans/java/modules/ext/hibernate/antlr-2.7.6.jar:/Applications/NetBeans/NetBeans 7.1.1.app/Contents/Resources/NetBeans/java/modules/ext/hibernate/asm.jar:/Applications/NetBeans/NetBeans 7.1.1.app/Contents/Resources/NetBeans/java/modules/ext/hibernate/asm-attrs.jar:/Applications/NetBeans/NetBeans 7.1.1.app/Contents/Resources/NetBeans/java/modules/ext/hibernate/cglib-2.1.3.jar:/Applications/NetBeans/NetBeans 7.1.1.app/Contents/Resources/NetBeans/java/modules/ext/hibernate/commons-collections-2.1.1.jar:/Applications/NetBeans/NetBeans 7.1.1.app/Contents/Resources/NetBeans/ide/modules/org-apache-commons-logging.jar:/Applications/NetBeans/NetBeans 7.1.1.app/Contents/Resources/NetBeans/java/modules/ext/hibernate/dom4j-1.6.1.jar:/Applications/NetBeans/NetBeans 7.1.1.app/Contents/Resources/NetBeans/java/modules/ext/hibernate/ehcache-1.2.3.jar:/Applications/NetBeans/NetBeans 7.1.1.app/Contents/Resources/NetBeans/java/modules/ext/hibernate/jdbc2_0-stdext.jar:/Applications/NetBeans/NetBeans 7.1.1.app/Contents/Resources/NetBeans/java/modules/ext/hibernate/jta.jar:/Applications/NetBeans/NetBeans 7.1.1.app/Contents/Resources/NetBeans/java/modules/ext/hibernate/hibernate3.jar:/Applications/NetBeans/NetBeans 7.1.1.app/Contents/Resources/NetBeans/java/modules/ext/hibernate/hibernate-tools.jar:/Applications/NetBeans/NetBeans 7.1.1.app/Contents/Resources/NetBeans/java/modules/ext/hibernate/hibernate-annotations.jar:/Applications/NetBeans/NetBeans 7.1.1.app/Contents/Resources/NetBeans/java/modules/ext/hibernate/hibernate-commons-annotations.jar:/Applications/NetBeans/NetBeans 7.1.1.app/Contents/Resources/NetBeans/java/modules/ext/hibernate/hibernate-entitymanager.jar:/Applications/NetBeans/NetBeans 7.1.1.app/Contents/Resources/NetBeans/java/modules/ext/hibernate/javassist.jar:/Applications/NetBeans/NetBeans 7.1.1.app/Contents/Resources/NetBeans/java/modules/ext/hibernate/ejb3-persistence.jar" />
    <property name="libs.jaxws21.src" value="" />
    <property name="application.title" value="LogCapture" />
    <property name="do.archive" value="true" />
    <property name="netbeans.autoupdate.language" value="en" />
    <property name="java.vendor" value="Apple Inc." />
    <property name="jar.index.metainf" value="false" />
    <property name="javac.debug" value="true" />
    <property name="javadoc.splitindex" value="true" />
    <property name="file.separator" value="/" />
    <property name="libs.junit_4.maven-pom" value="" />
    <property name="mkdist.disabled" value="false" />
    <property name="javac.test.processorpath" value="../couchdb4j/target/couchdb4j-0.3.0-i386-1.jar:../args4j-2.0.16.jar:../couchdb4j/lib/commons-beanutils.jar:../couchdb4j/lib/commons-codec-1.3.jar:../couchdb4j/lib/commons-collections.jar:../couchdb4j/lib/commons-lang.jar:../couchdb4j/lib/commons-logging-1.1.jar:../couchdb4j/lib/ezmorph-1.0.3.jar:../couchdb4j/lib/httpclient-4.0-beta2.jar:../couchdb4j/lib/httpcore-4.0-beta2.jar:../couchdb4j/lib/json-lib-2.2.3-MODIFIED-jdk15.jar:build/classes:/Applications/NetBeans/NetBeans 7.1.1.app/Contents/Resources/NetBeans/java/modules/ext/junit-3.8.2.jar" />
    <property name="netbeans.buildnumber" value="201203012225" />
    <property name="libs.JWSAntTasks.javadoc" value="" />
    <property name="build.generated.sources.dir" value="build/generated-sources" />
    <property name="libs.eclipselinkmodelgen.classpath" value="/Applications/NetBeans/NetBeans 7.1.1.app/Contents/Resources/NetBeans/java/modules/ext/eclipselink/eclipselink-jpa-modelgen-2.3.0.jar" />
    <property name="sun.java.launcher" value="SUN_STANDARD" />
    <property name="libs.junit.classpath" value="/Applications/NetBeans/NetBeans 7.1.1.app/Contents/Resources/NetBeans/java/modules/ext/junit-3.8.2.jar" />
    <property name="libs.jaxb.javadoc" value="/Applications/NetBeans/NetBeans 7.1.1.app/Contents/Resources/NetBeans/ide/docs/jaxb-api-doc.zip" />
    <property name="ant.home" value="/Applications/NetBeans/NetBeans 7.1.1.app/Contents/Resources/NetBeans/java/ant" />
    <property name="libs.junit_4.src" value="/Applications/NetBeans/NetBeans 7.1.1.app/Contents/Resources/NetBeans/java/docs/junit-4.10-sources.jar" />
    <property name="libs.absolutelayout.maven-pom" value="" />
    <property name="ant.java.version" value="1.6" />
    <property name="java.library.path" value=".:/Library/Java/Extensions:/System/Library/Java/Extensions:/usr/lib/java" />
    <property name="javadoc.author" value="false" />
    <property name="manifest.available+main.class-mkdist.available" value="true" />
    <property name="java.util.logging.config.class" value="org.netbeans.core.startup.TopLogging" />
    <property name="libs.PostgreSQLDriver.src" value="" />
    <property name="sun.arch.data.model" value="64" />
    <property name="basedir" value="/Users/slott/Documents/Projects/HRT-Log-Capture/LogCapture" />
    <property name="jar.compress" value="false" />
    <property name="path.separator" value=":" />
    <property name="ant.junit.enabletestlistenerevents" value="true" />
    <property name="sun.io.unicode.encoding" value="UnicodeLittle" />
    <property name="libs.jaxws21.classpath" value="/Applications/NetBeans/NetBeans 7.1.1.app/Contents/Resources/NetBeans/ide/modules/ext/jaxb/jaxb-impl.jar:/Applications/NetBeans/NetBeans 7.1.1.app/Contents/Resources/NetBeans/ide/modules/ext/jaxb/jaxb-xjc.jar:/Applications/NetBeans/NetBeans 7.1.1.app/Contents/Resources/NetBeans/java/modules/ext/jaxws22/FastInfoset.jar:/Applications/NetBeans/NetBeans 7.1.1.app/Contents/Resources/NetBeans/java/modules/ext/jaxws22/gmbal-api-only.jar:/Applications/NetBeans/NetBeans 7.1.1.app/Contents/Resources/NetBeans/java/modules/ext/jaxws22/http.jar:/Applications/NetBeans/NetBeans 7.1.1.app/Contents/Resources/NetBeans/java/modules/ext/jaxws22/jaxws-rt.jar:/Applications/NetBeans/NetBeans 7.1.1.app/Contents/Resources/NetBeans/java/modules/ext/jaxws22/jaxws-tools.jar:/Applications/NetBeans/NetBeans 7.1.1.app/Contents/Resources/NetBeans/java/modules/ext/jaxws22/management-api.jar:/Applications/NetBeans/NetBeans 7.1.1.app/Contents/Resources/NetBeans/java/modules/ext/jaxws22/mimepull.jar:/Applications/NetBeans/NetBeans 7.1.1.app/Contents/Resources/NetBeans/java/modules/ext/jaxws22/policy.jar:/Applications/NetBeans/NetBeans 7.1.1.app/Contents/Resources/NetBeans/java/modules/ext/jaxws22/saaj-impl.jar:/Applications/NetBeans/NetBeans 7.1.1.app/Contents/Resources/NetBeans/java/modules/ext/jaxws22/stax-ex.jar:/Applications/NetBeans/NetBeans 7.1.1.app/Contents/Resources/NetBeans/java/modules/ext/jaxws22/streambuffer.jar:/Applications/NetBeans/NetBeans 7.1.1.app/Contents/Resources/NetBeans/java/modules/ext/jaxws22/woodstox.jar:/Applications/NetBeans/NetBeans 7.1.1.app/Contents/Resources/NetBeans/java/modules/ext/jaxws22/api/jaxws-api.jar:/Applications/NetBeans/NetBeans 7.1.1.app/Contents/Resources/NetBeans/java/modules/ext/jaxws22/api/jsr181-api.jar:/Applications/NetBeans/NetBeans 7.1.1.app/Contents/Resources/NetBeans/java/modules/ext/jaxws22/api/jsr250-api.jar:/Applications/NetBeans/NetBeans 7.1.1.app/Contents/Resources/NetBeans/java/modules/ext/jaxws22/api/saaj-api.jar:/Applications/NetBeans/NetBeans 7.1.1.app/Contents/Resources/NetBeans/ide/modules/ext/jaxb/activation.jar:/Applications/NetBeans/NetBeans 7.1.1.app/Contents/Resources/NetBeans/ide/modules/ext/jaxb/api/jaxb-api.jar:/Applications/NetBeans/NetBeans 7.1.1.app/Contents/Resources/NetBeans/ide/modules/ext/jaxb/api/jsr173_api.jar" />
    <property name="compile.on.save" value="true" />
    <property name="apple.awt.graphics.UseQuartz" value="true" />
    <property name="user.language" value="en" />
    <property name="libs.JAXB-ENDORSED.maven-pom" value="" />
    <property name="libs.spring-framework.classpath" value="/Applications/NetBeans/NetBeans 7.1.1.app/Contents/Resources/NetBeans/ide/modules/org-apache-commons-logging.jar:/Applications/NetBeans/NetBeans 7.1.1.app/Contents/Resources/NetBeans/java/modules/ext/cglib-2.2.jar:/Applications/NetBeans/NetBeans 7.1.1.app/Contents/Resources/NetBeans/java/modules/ext/spring/spring-2.5.6.SEC01.jar" />
    <property name="libs.eclipselink.maven-pom" value="" />
    <property name="ant.file.LogCapture-impl" value="/Users/slott/Documents/Projects/HRT-Log-Capture/LogCapture/nbproject/build-impl.xml" />
    <property name="application.vendor" value="slott" />
    <property name="manifest.available" value="true" />
    <property name="libs.spring-framework300.maven-pom" value="" />
    <property name="run.test.classpath" value="../couchdb4j/target/couchdb4j-0.3.0-i386-1.jar:../args4j-2.0.16.jar:../couchdb4j/lib/commons-beanutils.jar:../couchdb4j/lib/commons-codec-1.3.jar:../couchdb4j/lib/commons-collections.jar:../couchdb4j/lib/commons-lang.jar:../couchdb4j/lib/commons-logging-1.1.jar:../couchdb4j/lib/ezmorph-1.0.3.jar:../couchdb4j/lib/httpclient-4.0-beta2.jar:../couchdb4j/lib/httpcore-4.0-beta2.jar:../couchdb4j/lib/json-lib-2.2.3-MODIFIED-jdk15.jar:build/classes:/Applications/NetBeans/NetBeans 7.1.1.app/Contents/Resources/NetBeans/java/modules/ext/junit-3.8.2.jar:build/test/classes" />
    <property name="ant.project.invoked-targets" value="test" />
    <property name="libs.swing-layout.javadoc" value="/Applications/NetBeans/NetBeans 7.1.1.app/Contents/Resources/NetBeans/platform/docs/swing-layout-1.0.4-doc.zip" />
    <property name="libs.ejb3-persistence.maven-pom" value="" />
    <property name="gopherProxySet" value="false" />
    <property name="libs.PostgreSQLDriver.maven-pom" value="" />
    <property name="java.class.version" value="50.0" />
    <property name="netbeans.system_http_proxy" value="DIRECT" />
    <property name="libs.eclipselink.javadoc" value="" />
    <property name="user.properties.file" value="/Users/slott/.netbeans/7.1.1/build.properties" />
    <property name="runtime.encoding" value="UTF-8" />
    <property name="libs.spring-framework.src" value="" />
    <property name="libs.javac-api.maven-pom" value="" />
    <property name="file.encoding.pkg" value="sun.io" />
    <property name="sun.cpu.endian" value="little" />
    <property name="libs.JAXB-ENDORSED.javadoc" value="" />
    <property name="libs.JWSAntTasks.classpath" value="/Applications/NetBeans/NetBeans 7.1.1.app/Contents/Resources/NetBeans/java/ant/extra/org-netbeans-modules-javawebstart-anttasks.jar" />
    <property name="libs.spring-framework300.src" value="" />
    <property name="empty.dir" value="/Users/slott/Documents/Projects/HRT-Log-Capture/LogCapture/build/empty" />
    <property name="file.reference.commons-lang.jar" value="../couchdb4j/lib/commons-lang.jar" />
    <property name="version-output" value="java version &quot;1.6" />
    <property name="javadoc.preview" value="true" />
    <property name="socksNonProxyHosts" value="local|*.local|169.254/16|*.169.254/16" />
    <property name="java.home" value="/System/Library/Java/JavaVirtualMachines/1.6.0.jdk/Contents/Home" />
    <property name="debug.test.classpath" value="../couchdb4j/target/couchdb4j-0.3.0-i386-1.jar:../args4j-2.0.16.jar:../couchdb4j/lib/commons-beanutils.jar:../couchdb4j/lib/commons-codec-1.3.jar:../couchdb4j/lib/commons-collections.jar:../couchdb4j/lib/commons-lang.jar:../couchdb4j/lib/commons-logging-1.1.jar:../couchdb4j/lib/ezmorph-1.0.3.jar:../couchdb4j/lib/httpclient-4.0-beta2.jar:../couchdb4j/lib/httpcore-4.0-beta2.jar:../couchdb4j/lib/json-lib-2.2.3-MODIFIED-jdk15.jar:build/classes:/Applications/NetBeans/NetBeans 7.1.1.app/Contents/Resources/NetBeans/java/modules/ext/junit-3.8.2.jar:build/test/classes" />
    <property name="ant.file.type.LogCapture" value="file" />
    <property name="netbeans.importclass" value="org.netbeans.upgrade.AutoUpgrade" />
    <property name="ant.project.default-target" value="default" />
    <property name="annotation.processing.run.all.processors" value="true" />
    <property name="libs.toplink.maven-pom" value="" />
    <property name="jar.archive.disabled" value="false" />
    <property name="jnlp.signing.alias" value="" />
    <property name="libs.PostgreSQLDriver.javadoc" value="" />
    <property name="ant.file.type.LogCapture-impl" value="file" />
    <property name="libs.MySQLDriver.maven-pom" value="" />
    <property name="http.nonProxyHosts" value="local|*.local|169.254/16|*.169.254/16" />
    <property name="libs.junit_4.javadoc" value="/Applications/NetBeans/NetBeans 7.1.1.app/Contents/Resources/NetBeans/java/docs/junit-4.10-javadoc.jar" />
    <property name="libs.toplink.src" value="" />
    <property name="run.classpath" value="../couchdb4j/target/couchdb4j-0.3.0-i386-1.jar:../args4j-2.0.16.jar:../couchdb4j/lib/commons-beanutils.jar:../couchdb4j/lib/commons-codec-1.3.jar:../couchdb4j/lib/commons-collections.jar:../couchdb4j/lib/commons-lang.jar:../couchdb4j/lib/commons-logging-1.1.jar:../couchdb4j/lib/ezmorph-1.0.3.jar:../couchdb4j/lib/httpclient-4.0-beta2.jar:../couchdb4j/lib/httpcore-4.0-beta2.jar:../couchdb4j/lib/json-lib-2.2.3-MODIFIED-jdk15.jar:build/classes" />
    <property name="libs.hibernate-support.src" value="" />
    <property name="sun.awt.datatransfer.timeout" value="1000" />
    <property name="apple.awt.graphics.UseOpenGL" value="false" />
    <property name="file.reference.commons-beanutils.jar" value="../couchdb4j/lib/commons-beanutils.jar" />
    <property name="annotation.processing.enabled.in.editor" value="false" />
    <property name="sun.management.compiler" value="HotSpot 64-Bit Tiered Compilers" />
    <property name="javac.deprecation" value="false" />
    <property name="javadoc.use" value="true" />
    <property name="sun.java2d.noddraw" value="true" />
    <property name="javac.processorpath" value="../couchdb4j/target/couchdb4j-0.3.0-i386-1.jar:../args4j-2.0.16.jar:../couchdb4j/lib/commons-beanutils.jar:../couchdb4j/lib/commons-codec-1.3.jar:../couchdb4j/lib/commons-collections.jar:../couchdb4j/lib/commons-lang.jar:../couchdb4j/lib/commons-logging-1.1.jar:../couchdb4j/lib/ezmorph-1.0.3.jar:../couchdb4j/lib/httpclient-4.0-beta2.jar:../couchdb4j/lib/httpcore-4.0-beta2.jar:../couchdb4j/lib/json-lib-2.2.3-MODIFIED-jdk15.jar" />
    <property name="javac.compilerargs" value="" />
    <property name="ant.file" value="/Users/slott/Documents/Projects/HRT-Log-Capture/LogCapture/build.xml" />
    <property name="libs.beans-binding.maven-pom" value="" />
    <property name="jnlp.codebase.type" value="no.codebase" />
    <property name="sun.awt.exception.handler" value="apple.awt.CToolkit$EventQueueExceptionHandler" />
    <property name="libs.beans-binding.src" value="" />
    <property name="java.vm.specification.vendor" value="Sun Microsystems Inc." />
    <property name="libs.swing-layout.src" value="/Applications/NetBeans/NetBeans 7.1.1.app/Contents/Resources/NetBeans/platform/docs/swing-layout-1.0.4-src.zip" />
    <property name="org.openide.major.version" value="IDE/1" />
    <property name="java.vm.name" value="Java HotSpot(TM) 64-Bit Server VM" />
    <property name="netbeans.user" value="/Users/slott/.netbeans/7.1.1" />
    <property name="javadoc.additionalparam" value="" />
    <property name="jnlp.offline-allowed" value="false" />
    <property name="java.io.tmpdir" value="/var/folders/sv/rwr46wqj3dbb_m803gvs3pv40000gp/T/" />
    <property name="java.vendor.url" value="http://www.apple.com/" />
    <property name="endorsed.classpath.cmd.line.arg" value="" />
    <property name="file.reference.httpcore-4.0-beta2.jar" value="../couchdb4j/lib/httpcore-4.0-beta2.jar" />
    <property name="org.openide.awt.ActionReference.completion" value="org.netbeans.modules.apisupport.project.layers.PathCompletions" />
    <property name="mrj.build" value="11M3527" />
    <property name="file.reference.ezmorph-1.0.3.jar" value="../couchdb4j/lib/ezmorph-1.0.3.jar" />
    <property name="sun.boot.library.path" value="/System/Library/Java/JavaVirtualMachines/1.6.0.jdk/Contents/Libraries" />
    <property name="have.sources" value="true" />
    <property name="debug.classpath" value="../couchdb4j/target/couchdb4j-0.3.0-i386-1.jar:../args4j-2.0.16.jar:../couchdb4j/lib/commons-beanutils.jar:../couchdb4j/lib/commons-codec-1.3.jar:../couchdb4j/lib/commons-collections.jar:../couchdb4j/lib/commons-lang.jar:../couchdb4j/lib/commons-logging-1.1.jar:../couchdb4j/lib/ezmorph-1.0.3.jar:../couchdb4j/lib/httpclient-4.0-beta2.jar:../couchdb4j/lib/httpcore-4.0-beta2.jar:../couchdb4j/lib/json-lib-2.2.3-MODIFIED-jdk15.jar:build/classes" />
    <property name="javadoc.private" value="false" />
    <property name="test.src.dir" value="test" />
    <property name="ap.processors.internal" value="" />
    <property name="meta.inf.dir" value="src/META-INF" />
    <property name="javadoc.encoding.used" value="UTF-8" />
    <property name="dist.jar" value="dist/LogCapture.jar" />
    <property name="java.runtime.name" value="Java(TM) SE Runtime Environment" />
    <property name="ant.project.name" value="LogCapture" />
    <property name="netbeans.hash.code" value="unique=NB_JAVA034ee0950-81dd-4ef3-85ab-f867d8e53ee6_0f471b28-3fc2-4a14-857d-c97f3a03cb97" />
    <property name="manifest.available-mkdist.available" value="true" />
    <property name="sun.cpu.isalist" value="" />
    <property name="libs.CopyLibs.javadoc" value="" />
    <property name="org.openide.specification.version" value="6.2" />
    <property name="libs.hibernate-support.classpath" value="/Applications/NetBeans/NetBeans 7.1.1.app/Contents/Resources/NetBeans/java/modules/ext/hibernate/antlr-2.7.6.jar:/Applications/NetBeans/NetBeans 7.1.1.app/Contents/Resources/NetBeans/java/modules/ext/hibernate/asm.jar:/Applications/NetBeans/NetBeans 7.1.1.app/Contents/Resources/NetBeans/java/modules/ext/hibernate/asm-attrs.jar:/Applications/NetBeans/NetBeans 7.1.1.app/Contents/Resources/NetBeans/java/modules/ext/hibernate/cglib-2.1.3.jar:/Applications/NetBeans/NetBeans 7.1.1.app/Contents/Resources/NetBeans/java/modules/ext/hibernate/commons-collections-2.1.1.jar:/Applications/NetBeans/NetBeans 7.1.1.app/Contents/Resources/NetBeans/ide/modules/org-apache-commons-logging.jar:/Applications/NetBeans/NetBeans 7.1.1.app/Contents/Resources/NetBeans/java/modules/ext/hibernate/dom4j-1.6.1.jar:/Applications/NetBeans/NetBeans 7.1.1.app/Contents/Resources/NetBeans/java/modules/ext/hibernate/ehcache-1.2.3.jar:/Applications/NetBeans/NetBeans 7.1.1.app/Contents/Resources/NetBeans/java/modules/ext/hibernate/jdbc2_0-stdext.jar:/Applications/NetBeans/NetBeans 7.1.1.app/Contents/Resources/NetBeans/java/modules/ext/hibernate/jta.jar:/Applications/NetBeans/NetBeans 7.1.1.app/Contents/Resources/NetBeans/java/modules/ext/hibernate/hibernate3.jar:/Applications/NetBeans/NetBeans 7.1.1.app/Contents/Resources/NetBeans/java/modules/ext/hibernate/hibernate-tools.jar:/Applications/NetBeans/NetBeans 7.1.1.app/Contents/Resources/NetBeans/java/modules/ext/hibernate/hibernate-annotations.jar:/Applications/NetBeans/NetBeans 7.1.1.app/Contents/Resources/NetBeans/java/modules/ext/hibernate/hibernate-commons-annotations.jar:/Applications/NetBeans/NetBeans 7.1.1.app/Contents/Resources/NetBeans/java/modules/ext/hibernate/hibernate-entitymanager.jar:/Applications/NetBeans/NetBeans 7.1.1.app/Contents/Resources/NetBeans/java/modules/ext/hibernate/javassist.jar" />
    <property name="user.home" value="/Users/slott" />
    <property name="annotation.processing.processors.list" value="" />
    <property name="debug-args-line" value="-Xdebug" />
    <property name="sun.zip.disableMemoryMapping" value="true" />
    <property name="file.reference.commons-logging-1.1.jar" value="../couchdb4j/lib/commons-logging-1.1.jar" />
    <property name="libs.JWSAntTasks.src" value="" />
    <property name="jar.index" value="false" />
    <property name="libs.CopyLibs.maven-pom" value="" />
    <property name="libs.spring-framework300.javadoc" value="" />
    <property name="libs.hibernate-persistence.maven-pom" value="" />
    <property name="libs.absolutelayout.javadoc" value="" />
    <property name="guice.disable.misplaced.annotation.check" value="true" />
    <property name="java.specification.name" value="Java Platform API Specification" />
    <property name="do.archive+main.class.available" value="true" />
    <property name="jnlp.mixed.code" value="default" />
    <property name="java.specification.vendor" value="Sun Microsystems Inc." />
    <property name="libs.javac-api.classpath" value="/Applications/NetBeans/NetBeans 7.1.1.app/Contents/Resources/NetBeans/java/modules/ext/javac-api-nb-7.0-b07.jar" />
    <property name="java.version" value="1.6.0_29" />
    <property name="javadoc.version" value="false" />
    <property name="libs.MySQLDriver.javadoc" value="" />
    <property name="org.openide.version" value="deprecated" />
    <property name="source.encoding" value="UTF-8" />
    <property name="ap.cmd.line.internal" value="" />
    <property name="libs.eclipselinkmodelgen.maven-pom" value="" />
    <property name="awt.nativeDoubleBuffering" value="true" />
    <property name="libs.junit.maven-pom" value="" />
    <property name="libs.eclipselinkmodelgen.javadoc" value="" />
    <property name="netbeans.home+have.tests" value="true" />
    <property name="annotation.processing.processor.options" value="" />
    <property name="libs.jaxb.src" value="" />
    <property name="work.dir" value="/Users/slott/Documents/Projects/HRT-Log-Capture" />
    <property name="libs.jaxb.classpath" value="/Applications/NetBeans/NetBeans 7.1.1.app/Contents/Resources/NetBeans/ide/modules/ext/jaxb/jaxb-impl.jar:/Applications/NetBeans/NetBeans 7.1.1.app/Contents/Resources/NetBeans/ide/modules/ext/jaxb/jaxb-xjc.jar:/Applications/NetBeans/NetBeans 7.1.1.app/Contents/Resources/NetBeans/ide/modules/ext/jaxb/jaxb1-impl.jar:/Applications/NetBeans/NetBeans 7.1.1.app/Contents/Resources/NetBeans/ide/modules/ext/jaxb/activation.jar:/Applications/NetBeans/NetBeans 7.1.1.app/Contents/Resources/NetBeans/ide/modules/ext/jaxb/api/jaxb-api.jar:/Applications/NetBeans/NetBeans 7.1.1.app/Contents/Resources/NetBeans/ide/modules/ext/jaxb/api/jsr173_api.jar" />
    <property name="do.depend" value="false" />
    <property name="dist.javadoc.dir" value="dist/javadoc" />
    <property name="libs.swing-layout.classpath" value="/Applications/NetBeans/NetBeans 7.1.1.app/Contents/Resources/NetBeans/platform/modules/ext/swing-layout-1.0.4.jar" />
    <property name="build.generated.dir" value="build/generated" />
    <property name="javac.source" value="1.6" />
    <property name="libs.hibernate-persistence.src" value="" />
    <property name="line.separator" value="&#xa;" />
    <property name="java.specification.version" value="1.6" />
    <property name="libs.jaxws21.maven-pom" value="" />
    <property name="java.vm.info" value="mixed mode" />
    <property name="junit.forkmode" value="perTest" />
    <property name="libs.spring-framework.maven-pom" value="" />
    <property name="sun.boot.class.path" value="/System/Library/Java/JavaVirtualMachines/1.6.0.jdk/Contents/Classes/jsfd.jar:/System/Library/Java/JavaVirtualMachines/1.6.0.jdk/Contents/Classes/classes.jar:/System/Library/Frameworks/JavaVM.framework/Frameworks/JavaRuntimeSupport.framework/Resources/Java/JavaRuntimeSupport.jar:/System/Library/Java/JavaVirtualMachines/1.6.0.jdk/Contents/Classes/ui.jar:/System/Library/Java/JavaVirtualMachines/1.6.0.jdk/Contents/Classes/laf.jar:/System/Library/Java/JavaVirtualMachines/1.6.0.jdk/Contents/Classes/sunrsasign.jar:/System/Library/Java/JavaVirtualMachines/1.6.0.jdk/Contents/Classes/jsse.jar:/System/Library/Java/JavaVirtualMachines/1.6.0.jdk/Contents/Classes/jce.jar:/System/Library/Java/JavaVirtualMachines/1.6.0.jdk/Contents/Classes/charsets.jar" />
    <property name="javac.target" value="1.6" />
    <property name="built-jar.properties" value="/Users/slott/Documents/Projects/HRT-Log-Capture/LogCapture/build/built-jar.properties" />
    <property name="build.test.classes.dir" value="build/test/classes" />
    <property name="src.dir" value="src" />
    <property name="annotation.processing.enabled" value="true" />
    <property name="ignore.failing.tests" value="true" />
    <property name="dist.dir" value="dist" />
    <property name="do.archive+manifest.available+main.class" value="true" />
    <property name="javac.fork" value="false" />
    <property name="java.awt.printerjob" value="apple.awt.CPrinterJob" />
    <property name="default.javac.source" value="1.6" />
    <property name="debug-transport-by-os" value="dt_socket" />
    <property name="libs.MySQLDriver.src" value="" />
    <property name="file.reference.couchdb4j-0.3.0-i386-1.jar" value="../couchdb4j/target/couchdb4j-0.3.0-i386-1.jar" />
    <property name="sun.jnu.encoding" value="MacRoman" />
    <property name="java.runtime.version" value="1.6.0_29-b11-402-11M3527" />
    <property name="build.test.results.dir" value="build/test/results" />
    <property name="libs.ejb3-persistence.javadoc" value="" />
    <property name="manifest.available+main.class+mkdist.available" value="true" />
    <property name="jna.platform.library.path" value="/usr/lib:/usr/lib" />
    <property name="log4j.configuration" value="log4j.properties" />
    <property name="default.javac.target" value="1.6" />
    <property name="libs.junit_4.classpath" value="/Applications/NetBeans/NetBeans 7.1.1.app/Contents/Resources/NetBeans/platform/modules/ext/junit-4.10.jar" />
    <property name="user.timezone" value="" />
    <property name="do.jar" value="true" />
    <property name="netbeans.dirs" value="/Applications/NetBeans/NetBeans 7.1.1.app/Contents/Resources/NetBeans/nb:/Applications/NetBeans/NetBeans 7.1.1.app/Contents/MacOS/../Resources/NetBeans/bin/../ergonomics:/Applications/NetBeans/NetBeans 7.1.1.app/Contents/Resources/NetBeans/ide:/Applications/NetBeans/NetBeans 7.1.1.app/Contents/Resources/NetBeans/java:/Applications/NetBeans/NetBeans 7.1.1.app/Contents/Resources/NetBeans/apisupport:/Applications/NetBeans/NetBeans 7.1.1.app/Contents/MacOS/../Resources/NetBeans/bin/../webcommon:/Applications/NetBeans/NetBeans 7.1.1.app/Contents/Resources/NetBeans/websvccommon:/Applications/NetBeans/NetBeans 7.1.1.app/Contents/MacOS/../Resources/NetBeans/bin/../enterprise:/Applications/NetBeans/NetBeans 7.1.1.app/Contents/MacOS/../Resources/NetBeans/bin/../mobility:/Applications/NetBeans/NetBeans 7.1.1.app/Contents/Resources/NetBeans/profiler:/Applications/NetBeans/NetBeans 7.1.1.app/Contents/MacOS/../Resources/NetBeans/bin/../python:/Applications/NetBeans/NetBeans 7.1.1.app/Contents/MacOS/../Resources/NetBeans/bin/../php:/Applications/NetBeans/NetBeans 7.1.1.app/Contents/MacOS/../Resources/NetBeans/bin/../identity:/Applications/NetBeans/NetBeans 7.1.1.app/Contents/Resources/NetBeans/harness:/Applications/NetBeans/NetBeans 7.1.1.app/Contents/MacOS/../Resources/NetBeans/bin/../cnd:/Applications/NetBeans/NetBeans 7.1.1.app/Contents/MacOS/../Resources/NetBeans/bin/../dlight:/Applications/NetBeans/NetBeans 7.1.1.app/Contents/MacOS/../Resources/NetBeans/bin/../groovy:/Applications/NetBeans/NetBeans 7.1.1.app/Contents/MacOS/../Resources/NetBeans/bin/../extra:/Applications/NetBeans/NetBeans 7.1.1.app/Contents/MacOS/../Resources/NetBeans/bin/../javacard:/Applications/NetBeans/NetBeans 7.1.1.app/Contents/Resources/NetBeans/javafx:" />
    <property name="file.reference.httpclient-4.0-beta2.jar" value="../couchdb4j/lib/httpclient-4.0-beta2.jar" />
    <property name="java.ext.dirs" value="/Library/Java/Extensions:/System/Library/Java/Extensions:/System/Library/Java/JavaVirtualMachines/1.6.0.jdk/Contents/Home/lib/ext" />
    <property name="endorsed.classpath" value="" />
    <property name="libs.absolutelayout.classpath" value="/Applications/NetBeans/NetBeans 7.1.1.app/Contents/Resources/NetBeans/java/modules/ext/AbsoluteLayout.jar:/Users/slott/Documents/Projects/HRTail/couchdb4j/lib:/Users/slott/Documents/Projects/HRTail/args4j-2.0.16.jar" />
    <property name="excludes" value="" />
    <property name="config" value="hrtail" />
    <property name="ant.file.LogCapture" value="/Users/slott/Documents/Projects/HRT-Log-Capture/LogCapture/build.xml" />
    <property name="java.class.path" value="/Users/slott/Documents/Projects/HRT-Log-Capture/couchdb4j/target/couchdb4j-0.3.0-i386-1.jar:/Users/slott/Documents/Projects/HRT-Log-Capture/args4j-2.0.16.jar:/Users/slott/Documents/Projects/HRT-Log-Capture/couchdb4j/lib/commons-beanutils.jar:/Users/slott/Documents/Projects/HRT-Log-Capture/couchdb4j/lib/commons-codec-1.3.jar:/Users/slott/Documents/Projects/HRT-Log-Capture/couchdb4j/lib/commons-collections.jar:/Users/slott/Documents/Projects/HRT-Log-Capture/couchdb4j/lib/commons-lang.jar:/Users/slott/Documents/Projects/HRT-Log-Capture/couchdb4j/lib/commons-logging-1.1.jar:/Users/slott/Documents/Projects/HRT-Log-Capture/couchdb4j/lib/ezmorph-1.0.3.jar:/Users/slott/Documents/Projects/HRT-Log-Capture/couchdb4j/lib/httpclient-4.0-beta2.jar:/Users/slott/Documents/Projects/HRT-Log-Capture/couchdb4j/lib/httpcore-4.0-beta2.jar:/Users/slott/Documents/Projects/HRT-Log-Capture/couchdb4j/lib/json-lib-2.2.3-MODIFIED-jdk15.jar:/Users/slott/Documents/Projects/HRT-Log-Capture/LogCapture/build/classes:/Applications/NetBeans/NetBeans 7.1.1.app/Contents/Resources/NetBeans/java/modules/ext/junit-3.8.2.jar:/Users/slott/Documents/Projects/HRT-Log-Capture/LogCapture/build/test/classes:/Applications/NetBeans/NetBeans 7.1.1.app/Contents/Resources/NetBeans/java/ant/lib/ant-launcher.jar:/Applications/NetBeans/NetBeans 7.1.1.app/Contents/Resources/NetBeans/java/ant/lib/ant.jar:/Applications/NetBeans/NetBeans 7.1.1.app/Contents/Resources/NetBeans/java/ant/lib/ant-junit.jar:/Applications/NetBeans/NetBeans 7.1.1.app/Contents/Resources/NetBeans/java/ant/lib/ant-junit4.jar" />
    <property name="apple.laf.useScreenMenuBar" value="true" />
    <property name="do.mkdist" value="true" />
    <property name="libs.absolutelayout.src" value="/Users/slott/Documents/Projects/HRTail/couchdb4j/src" />
    <property name="os.version" value="10.7.3" />
    <property name="application.args" value="" />
    <property name="main.class.available" value="true" />
    <property name="libs.toplink.javadoc" value="" />
    <property name="libs.JAXB-ENDORSED.classpath" value="/Applications/NetBeans/NetBeans 7.1.1.app/Contents/Resources/NetBeans/ide/modules/ext/jaxb/api/jaxb-api.jar" />
    <property name="libs.eclipselink.classpath" value="/Applications/NetBeans/NetBeans 7.1.1.app/Contents/Resources/NetBeans/java/modules/ext/eclipselink/eclipselink-2.3.0.jar:/Applications/NetBeans/NetBeans 7.1.1.app/Contents/Resources/NetBeans/java/modules/ext/eclipselink/javax.persistence-2.0.jar:/Applications/NetBeans/NetBeans 7.1.1.app/Contents/Resources/NetBeans/java/modules/ext/eclipselink/org.eclipse.persistence.jpa.jpql_1.0.0.jar" />
    <property name="java.awt.graphicsenv" value="apple.awt.CGraphicsEnvironment" />
    <property name="libs.beans-binding.javadoc" value="/Applications/NetBeans/NetBeans 7.1.1.app/Contents/Resources/NetBeans/java/docs/beansbinding-1.2.1-doc.zip" />
    <property name="java.vm.vendor" value="Apple Inc." />
    <property name="libs.CopyLibs.classpath" value="/Applications/NetBeans/NetBeans 7.1.1.app/Contents/Resources/NetBeans/java/ant/extra/org-netbeans-modules-java-j2seproject-copylibstask.jar" />
    <property name="libs.spring-framework300.classpath" value="/Applications/NetBeans/NetBeans 7.1.1.app/Contents/Resources/NetBeans/ide/modules/org-apache-commons-logging.jar:/Applications/NetBeans/NetBeans 7.1.1.app/Contents/Resources/NetBeans/java/modules/ext/cglib-2.2.jar:/Applications/NetBeans/NetBeans 7.1.1.app/Contents/Resources/NetBeans/java/modules/ext/spring-3.0/spring-aop-3.0.6.RELEASE.jar:/Applications/NetBeans/NetBeans 7.1.1.app/Contents/Resources/NetBeans/java/modules/ext/spring-3.0/spring-asm-3.0.6.RELEASE.jar:/Applications/NetBeans/NetBeans 7.1.1.app/Contents/Resources/NetBeans/java/modules/ext/spring-3.0/spring-aspects-3.0.6.RELEASE.jar:/Applications/NetBeans/NetBeans 7.1.1.app/Contents/Resources/NetBeans/java/modules/ext/spring-3.0/spring-beans-3.0.6.RELEASE.jar:/Applications/NetBeans/NetBeans 7.1.1.app/Contents/Resources/NetBeans/java/modules/ext/spring-3.0/spring-context-3.0.6.RELEASE.jar:/Applications/NetBeans/NetBeans 7.1.1.app/Contents/Resources/NetBeans/java/modules/ext/spring-3.0/spring-context-support-3.0.6.RELEASE.jar:/Applications/NetBeans/NetBeans 7.1.1.app/Contents/Resources/NetBeans/java/modules/ext/spring-3.0/spring-core-3.0.6.RELEASE.jar:/Applications/NetBeans/NetBeans 7.1.1.app/Contents/Resources/NetBeans/java/modules/ext/spring-3.0/spring-expression-3.0.6.RELEASE.jar:/Applications/NetBeans/NetBeans 7.1.1.app/Contents/Resources/NetBeans/java/modules/ext/spring-3.0/spring-instrument-3.0.6.RELEASE.jar:/Applications/NetBeans/NetBeans 7.1.1.app/Contents/Resources/NetBeans/java/modules/ext/spring-3.0/spring-instrument-tomcat-3.0.6.RELEASE.jar:/Applications/NetBeans/NetBeans 7.1.1.app/Contents/Resources/NetBeans/java/modules/ext/spring-3.0/spring-jdbc-3.0.6.RELEASE.jar:/Applications/NetBeans/NetBeans 7.1.1.app/Contents/Resources/NetBeans/java/modules/ext/spring-3.0/spring-jms-3.0.6.RELEASE.jar:/Applications/NetBeans/NetBeans 7.1.1.app/Contents/Resources/NetBeans/java/modules/ext/spring-3.0/spring-orm-3.0.6.RELEASE.jar:/Applications/NetBeans/NetBeans 7.1.1.app/Contents/Resources/NetBeans/java/modules/ext/spring-3.0/spring-oxm-3.0.6.RELEASE.jar:/Applications/NetBeans/NetBeans 7.1.1.app/Contents/Resources/NetBeans/java/modules/ext/spring-3.0/spring-test-3.0.6.RELEASE.jar:/Applications/NetBeans/NetBeans 7.1.1.app/Contents/Resources/NetBeans/java/modules/ext/spring-3.0/spring-tx-3.0.6.RELEASE.jar:/Applications/NetBeans/NetBeans 7.1.1.app/Contents/Resources/NetBeans/java/modules/ext/spring-3.0/spring-web-3.0.6.RELEASE.jar:/Applications/NetBeans/NetBeans 7.1.1.app/Contents/Resources/NetBeans/java/modules/ext/spring-3.0/spring-webmvc-portlet-3.0.6.RELEASE.jar:/Applications/NetBeans/NetBeans 7.1.1.app/Contents/Resources/NetBeans/java/modules/ext/spring-3.0/spring-webmvc-3.0.6.RELEASE.jar:/Applications/NetBeans/NetBeans 7.1.1.app/Contents/Resources/NetBeans/java/modules/ext/spring-3.0/spring-struts-3.0.6.RELEASE.jar" />
    <property name="run.jvmargs" value="-Dlog4j.configuration=log4j.properties" />
    <property name="libs.ejb3-persistence.classpath" value="/Applications/NetBeans/NetBeans 7.1.1.app/Contents/Resources/NetBeans/java/modules/ext/hibernate/ejb3-persistence.jar" />
    <property name="libs.JAXB-ENDORSED.src" value="" />
    <property name="libs.spring-framework.javadoc" value="" />
    <property name="libs.PostgreSQLDriver.classpath" value="/Applications/NetBeans/NetBeans 7.1.1.app/Contents/Resources/NetBeans/ide/modules/ext/postgresql-8.3-603.jdbc3.jar" />
    <property name="file.reference.commons-collections.jar" value="../couchdb4j/lib/commons-collections.jar" />
    <property name="jnlp.signing" value="" />
    <property name="libs.junit.src" value="" />
    <property name="annotation.processing.source.output" value="build/generated-sources/ap-source-output" />
    <property name="jnlp.signed" value="false" />
    <property name="main.class" value="org.hrva.capture.Capture" />
    <property name="libs.CopyLibs.src" value="" />
    <property name="build.dir" value="build" />
    <property name="ant.version" value="Apache Ant(TM) version 1.8.2 compiled on December 20 2010" />
    <property name="file.encoding" value="MacRoman" />
    <property name="build.classes.excludes" value="**/*.java,**/*.form" />
    <property name="jdkBug6558476" value="false" />
    <property name="javadoc.nonavbar" value="false" />
    <property name="platform.active" value="default_platform" />
    <property name="file.reference.args4j-2.0.16.jar" value="../args4j-2.0.16.jar" />
    <property name="awt.toolkit" value="apple.awt.CToolkit" />
  </properties>
  <testcase classname="org.hrva.capture.CaptureTest" name="testRun_main" time="3.09" />
  <testcase classname="org.hrva.capture.CaptureTest" name="testCapture" time="5.552" />
  <system-out><![CDATA[run_main
capture
]]></system-out>
  <system-err><![CDATA[Mar 7, 2012 9:34:31 AM org.hrva.capture.LogTail tail
INFO: Tailing test/sample.log to test/capture.txt
Mar 7, 2012 9:34:31 AM org.hrva.capture.LogTail tail
INFO: Count 0, Bytes 0
Mar 7, 2012 9:34:31 AM org.hrva.capture.LogTail tail
INFO: Count 1, Bytes 327
Mar 7, 2012 9:34:31 AM org.hrva.capture.Capture$Tail_Format_Push run
INFO: Reformatting test/capture.txt to test/capture.csv
Mar 7, 2012 9:34:32 AM org.hrva.capture.Capture$Tail_Format_Push run
SEVERE: Worker Failed
java.io.FileNotFoundException: test/capture.csv (No such file or directory)
	at java.io.FileInputStream.open(Native Method)
	at java.io.FileInputStream.<init>(FileInputStream.java:120)
	at java.io.FileReader.<init>(FileReader.java:55)
	at org.hrva.capture.CouchPush.push_feed(CouchPush.java:273)
	at org.hrva.capture.Capture$Tail_Format_Push.run(Capture.java:250)
	at java.util.TimerThread.mainLoop(Timer.java:512)
	at java.util.TimerThread.run(Timer.java:462)
Exception in thread "Timer-0" java.lang.Error: java.io.FileNotFoundException: test/capture.csv (No such file or directory)
	at org.hrva.capture.Capture$Tail_Format_Push.run(Capture.java:258)
	at java.util.TimerThread.mainLoop(Timer.java:512)
	at java.util.TimerThread.run(Timer.java:462)
Caused by: java.io.FileNotFoundException: test/capture.csv (No such file or directory)
	at java.io.FileInputStream.open(Native Method)
	at java.io.FileInputStream.<init>(FileInputStream.java:120)
	at java.io.FileReader.<init>(FileReader.java:55)
	at org.hrva.capture.CouchPush.push_feed(CouchPush.java:273)
	at org.hrva.capture.Capture$Tail_Format_Push.run(Capture.java:250)
	... 2 more
Mar 7, 2012 9:34:34 AM org.hrva.capture.LogTail tail
INFO: Tailing test/sample.log to test/capture.txt
Mar 7, 2012 9:34:34 AM org.hrva.capture.LogTail tail
INFO: Count 0, Bytes 0
Mar 7, 2012 9:34:34 AM org.hrva.capture.LogTail tail
INFO: Count 1, Bytes 327
Mar 7, 2012 9:34:34 AM org.hrva.capture.Capture$Tail_Format_Push run
INFO: Reformatting test/capture.txt to test/capture.csv
Mar 7, 2012 9:34:37 AM org.hrva.capture.LogTail tail
INFO: Tailing test/sample.log to test/capture.txt
Mar 7, 2012 9:34:37 AM org.hrva.capture.LogTail tail
INFO: Count 1, Bytes 327
Mar 7, 2012 9:34:37 AM org.hrva.capture.LogTail tail
INFO: Count 2, Bytes 327
]]></system-err>
</testsuite>
